# JRE version: Java(TM) SE Runtime Environment (7.0_45-b18) (build 1.7.0_45-b18)
# Java VM: Java HotSpot(TM) 64-Bit Server VM (24.45-b08 mixed mode windows-amd64 compressed oops)
Heap
 PSYoungGen      total 54784K, used 35703K [0x00000000e0a00000, 0x00000000e4500000, 0x0000000100000000)
  eden space 50176K, 65% used [0x00000000e0a00000,0x00000000e29f90b8,0x00000000e3b00000)
  from space 4608K, 64% used [0x00000000e4080000,0x00000000e4364d30,0x00000000e4500000)
  to   space 5120K, 0% used [0x00000000e3b00000,0x00000000e3b00000,0x00000000e4000000)
 ParOldGen       total 64000K, used 4850K [0x00000000a1e00000, 0x00000000a5c80000, 0x00000000e0a00000)
  object space 64000K, 7% used [0x00000000a1e00000,0x00000000a22bcae0,0x00000000a5c80000)
 PSPermGen       total 21504K, used 11843K [0x000000009cc00000, 0x000000009e100000, 0x00000000a1e00000)
  object space 21504K, 55% used [0x000000009cc00000,0x000000009d790f20,0x000000009e100000)
GC Heap History (10 events):
Event: 8.422 GC heap before
{Heap before GC invocations=2 (full 0):
 PSYoungGen      total 28672K, used 28671K [0x00000000e0a00000, 0x00000000e2980000, 0x0000000100000000)
  eden space 25088K, 100% used [0x00000000e0a00000,0x00000000e2280000,0x00000000e2280000)
  from space 3584K, 99% used [0x00000000e2280000,0x00000000e25ffd58,0x00000000e2600000)
  to   space 3584K, 0% used [0x00000000e2600000,0x00000000e2600000,0x00000000e2980000)
 ParOldGen       total 64000K, used 1762K [0x00000000a1e00000, 0x00000000a5c80000, 0x00000000e0a00000)
  object space 64000K, 2% used [0x00000000a1e00000,0x00000000a1fb8848,0x00000000a5c80000)
 PSPermGen       total 21504K, used 11766K [0x000000009cc00000, 0x000000009e100000, 0x00000000a1e00000)
  object space 21504K, 54% used [0x000000009cc00000,0x000000009d77da80,0x000000009e100000)
Event: 8.449 GC heap after
Heap after GC invocations=2 (full 0):
 PSYoungGen      total 28672K, used 2979K [0x00000000e0a00000, 0x00000000e2980000, 0x0000000100000000)
  eden space 25088K, 0% used [0x00000000e0a00000,0x00000000e0a00000,0x00000000e2280000)
  from space 3584K, 83% used [0x00000000e2600000,0x00000000e28e8d20,0x00000000e2980000)
  to   space 3584K, 0% used [0x00000000e2280000,0x00000000e2280000,0x00000000e2600000)
 ParOldGen       total 64000K, used 4816K [0x00000000a1e00000, 0x00000000a5c80000, 0x00000000e0a00000)
  object space 64000K, 7% used [0x00000000a1e00000,0x00000000a22b4268,0x00000000a5c80000)
 PSPermGen       total 21504K, used 11766K [0x000000009cc00000, 0x000000009e100000, 0x00000000a1e00000)
  object space 21504K, 54% used [0x000000009cc00000,0x000000009d77da80,0x000000009e100000)
}
Event: 9.324 GC heap before
{Heap before GC invocations=3 (full 0):
 PSYoungGen      total 28672K, used 28067K [0x00000000e0a00000, 0x00000000e2980000, 0x0000000100000000)
  eden space 25088K, 100% used [0x00000000e0a00000,0x00000000e2280000,0x00000000e2280000)
  from space 3584K, 83% used [0x00000000e2600000,0x00000000e28e8d20,0x00000000e2980000)
  to   space 3584K, 0% used [0x00000000e2280000,0x00000000e2280000,0x00000000e2600000)
 ParOldGen       total 64000K, used 4816K [0x00000000a1e00000, 0x00000000a5c80000, 0x00000000e0a00000)
  object space 64000K, 7% used [0x00000000a1e00000,0x00000000a22b4328,0x00000000a5c80000)
 PSPermGen       total 21504K, used 11781K [0x000000009cc00000, 0x000000009e100000, 0x00000000a1e00000)
  object space 21504K, 54% used [0x000000009cc00000,0x000000009d7816f0,0x000000009e100000)
Event: 9.336 GC heap after
Heap after GC invocations=3 (full 0):
 PSYoungGen      total 28672K, used 2931K [0x00000000e0a00000, 0x00000000e2980000, 0x0000000100000000)
  eden space 25088K, 0% used [0x00000000e0a00000,0x00000000e0a00000,0x00000000e2280000)
  from space 3584K, 81% used [0x00000000e2280000,0x00000000e255cd30,0x00000000e2600000)
  to   space 3584K, 0% used [0x00000000e2600000,0x00000000e2600000,0x00000000e2980000)
 ParOldGen       total 64000K, used 4824K [0x00000000a1e00000, 0x00000000a5c80000, 0x00000000e0a00000)
  object space 64000K, 7% used [0x00000000a1e00000,0x00000000a22b6328,0x00000000a5c80000)
 PSPermGen       total 21504K, used 11781K [0x000000009cc00000, 0x000000009e100000, 0x00000000a1e00000)
  object space 21504K, 54% used [0x000000009cc00000,0x000000009d7816f0,0x000000009e100000)
}
Event: 9.934 GC heap before
{Heap before GC invocations=4 (full 0):
 PSYoungGen      total 28672K, used 28019K [0x00000000e0a00000, 0x00000000e2980000, 0x0000000100000000)
  eden space 25088K, 100% used [0x00000000e0a00000,0x00000000e2280000,0x00000000e2280000)
  from space 3584K, 81% used [0x00000000e2280000,0x00000000e255cd30,0x00000000e2600000)
  to   space 3584K, 0% used [0x00000000e2600000,0x00000000e2600000,0x00000000e2980000)
 ParOldGen       total 64000K, used 4826K [0x00000000a1e00000, 0x00000000a5c80000, 0x00000000e0a00000)
  object space 64000K, 7% used [0x00000000a1e00000,0x00000000a22b6ac0,0x00000000a5c80000)
 PSPermGen       total 21504K, used 11790K [0x000000009cc00000, 0x000000009e100000, 0x00000000a1e00000)
  object space 21504K, 54% used [0x000000009cc00000,0x000000009d783860,0x000000009e100000)
Event: 9.947 GC heap after
Heap after GC invocations=4 (full 0):
 PSYoungGen      total 28672K, used 2963K [0x00000000e0a00000, 0x00000000e4200000, 0x0000000100000000)
  eden space 25088K, 0% used [0x00000000e0a00000,0x00000000e0a00000,0x00000000e2280000)
  from space 3584K, 82% used [0x00000000e2600000,0x00000000e28e4d30,0x00000000e2980000)
  to   space 3584K, 0% used [0x00000000e2280000,0x00000000e2280000,0x00000000e2600000)
 ParOldGen       total 64000K, used 4834K [0x00000000a1e00000, 0x00000000a5c80000, 0x00000000e0a00000)
  object space 64000K, 7% used [0x00000000a1e00000,0x00000000a22b8ac0,0x00000000a5c80000)
 PSPermGen       total 21504K, used 11790K [0x000000009cc00000, 0x000000009e100000, 0x00000000a1e00000)
  object space 21504K, 54% used [0x000000009cc00000,0x000000009d783860,0x000000009e100000)
}
Event: 10.705 GC heap before
{Heap before GC invocations=5 (full 0):
 PSYoungGen      total 28672K, used 28051K [0x00000000e0a00000, 0x00000000e4200000, 0x0000000100000000)
  eden space 25088K, 100% used [0x00000000e0a00000,0x00000000e2280000,0x00000000e2280000)
  from space 3584K, 82% used [0x00000000e2600000,0x00000000e28e4d30,0x00000000e2980000)
  to   space 3584K, 0% used [0x00000000e2280000,0x00000000e2280000,0x00000000e2600000)
 ParOldGen       total 64000K, used 4834K [0x00000000a1e00000, 0x00000000a5c80000, 0x00000000e0a00000)
  object space 64000K, 7% used [0x00000000a1e00000,0x00000000a22b8ac0,0x00000000a5c80000)
 PSPermGen       total 21504K, used 11802K [0x000000009cc00000, 0x000000009e100000, 0x00000000a1e00000)
  object space 21504K, 54% used [0x000000009cc00000,0x000000009d7868b0,0x000000009e100000)
Event: 10.718 GC heap after
Heap after GC invocations=5 (full 0):
 PSYoungGen      total 28672K, used 2995K [0x00000000e0a00000, 0x00000000e4600000, 0x0000000100000000)
  eden space 25088K, 0% used [0x00000000e0a00000,0x00000000e0a00000,0x00000000e2280000)
  from space 3584K, 83% used [0x00000000e2280000,0x00000000e256cd30,0x00000000e2600000)
  to   space 5632K, 0% used [0x00000000e4080000,0x00000000e4080000,0x00000000e4600000)
 ParOldGen       total 64000K, used 4842K [0x00000000a1e00000, 0x00000000a5c80000, 0x00000000e0a00000)
  object space 64000K, 7% used [0x00000000a1e00000,0x00000000a22baac0,0x00000000a5c80000)
 PSPermGen       total 21504K, used 11802K [0x000000009cc00000, 0x000000009e100000, 0x00000000a1e00000)
  object space 21504K, 54% used [0x000000009cc00000,0x000000009d7868b0,0x000000009e100000)
}
Event: 11.555 GC heap before
{Heap before GC invocations=6 (full 0):
 PSYoungGen      total 28672K, used 28083K [0x00000000e0a00000, 0x00000000e4600000, 0x0000000100000000)
  eden space 25088K, 100% used [0x00000000e0a00000,0x00000000e2280000,0x00000000e2280000)
  from space 3584K, 83% used [0x00000000e2280000,0x00000000e256cd30,0x00000000e2600000)
  to   space 5632K, 0% used [0x00000000e4080000,0x00000000e4080000,0x00000000e4600000)
 ParOldGen       total 64000K, used 4842K [0x00000000a1e00000, 0x00000000a5c80000, 0x00000000e0a00000)
  object space 64000K, 7% used [0x00000000a1e00000,0x00000000a22baae0,0x00000000a5c80000)
 PSPermGen       total 21504K, used 11820K [0x000000009cc00000, 0x000000009e100000, 0x00000000a1e00000)
  object space 21504K, 54% used [0x000000009cc00000,0x000000009d78b200,0x000000009e100000)
Event: 11.569 GC heap after
Heap after GC invocations=6 (full 0):
 PSYoungGen      total 54784K, used 2963K [0x00000000e0a00000, 0x00000000e4500000, 0x0000000100000000)
  eden space 50176K, 0% used [0x00000000e0a00000,0x00000000e0a00000,0x00000000e3b00000)
  from space 4608K, 64% used [0x00000000e4080000,0x00000000e4364d30,0x00000000e4500000)
  to   space 5120K, 0% used [0x00000000e3b00000,0x00000000e3b00000,0x00000000e4000000)
 ParOldGen       total 64000K, used 4850K [0x00000000a1e00000, 0x00000000a5c80000, 0x00000000e0a00000)
  object space 64000K, 7% used [0x00000000a1e00000,0x00000000a22bcae0,0x00000000a5c80000)
 PSPermGen       total 21504K, used 11820K [0x000000009cc00000, 0x000000009e100000, 0x00000000a1e00000)
  object space 21504K, 54% used [0x000000009cc00000,0x000000009d78b200,0x000000009e100000)
}

